  [1m[35m (100.6ms)[0m  [1m[35mCREATE DATABASE "burning-server1_development" ENCODING = 'unicode'[0m
  ↳ bin/rails:9
  [1m[35m (51.5ms)[0m  [1m[35mCREATE DATABASE "burning-server1_test" ENCODING = 'unicode'[0m
  ↳ bin/rails:9
  [1m[35m (8.5ms)[0m  [1m[35mCREATE TABLE "schema_migrations" ("version" character varying NOT NULL PRIMARY KEY)[0m
  ↳ bin/rails:9
  [1m[35m (3.9ms)[0m  [1m[35mCREATE TABLE "ar_internal_metadata" ("key" character varying NOT NULL PRIMARY KEY, "value" character varying, "created_at" timestamp NOT NULL, "updated_at" timestamp NOT NULL)[0m
  ↳ bin/rails:9
  [1m[35m (0.1ms)[0m  [1m[34mSELECT pg_try_advisory_lock(5458218519270787095)[0m
  ↳ bin/rails:9
  [1m[35m (0.4ms)[0m  [1m[34mSELECT "schema_migrations"."version" FROM "schema_migrations" ORDER BY "schema_migrations"."version" ASC[0m
  ↳ bin/rails:9
Migrating to CreateAirplanes (20220809090355)
  [1m[35m (0.2ms)[0m  [1m[35mBEGIN[0m
  ↳ bin/rails:9
  [1m[35m (4.0ms)[0m  [1m[35mCREATE TABLE "airplanes" ("id" bigserial primary key, "name" text, "rows" text, "columns" text, "created_at" timestamp NOT NULL, "updated_at" timestamp NOT NULL)[0m
  ↳ db/migrate/20220809090355_create_airplanes.rb:3
  [1m[36mActiveRecord::SchemaMigration Create (0.4ms)[0m  [1m[32mINSERT INTO "schema_migrations" ("version") VALUES ($1) RETURNING "version"[0m  [["version", "20220809090355"]]
  ↳ bin/rails:9
  [1m[35m (0.8ms)[0m  [1m[35mCOMMIT[0m
  ↳ bin/rails:9
Migrating to CreateFlights (20220809090604)
  [1m[35m (0.1ms)[0m  [1m[35mBEGIN[0m
  ↳ bin/rails:9
  [1m[35m (4.0ms)[0m  [1m[35mCREATE TABLE "flights" ("id" bigserial primary key, "flight_number" text, "origin" text, "destination" text, "date" date, "airplane_id" integer, "created_at" timestamp NOT NULL, "updated_at" timestamp NOT NULL)[0m
  ↳ db/migrate/20220809090604_create_flights.rb:3
  [1m[36mActiveRecord::SchemaMigration Create (0.2ms)[0m  [1m[32mINSERT INTO "schema_migrations" ("version") VALUES ($1) RETURNING "version"[0m  [["version", "20220809090604"]]
  ↳ bin/rails:9
  [1m[35m (0.6ms)[0m  [1m[35mCOMMIT[0m
  ↳ bin/rails:9
Migrating to CreateReservations (20220809090636)
  [1m[35m (0.1ms)[0m  [1m[35mBEGIN[0m
  ↳ bin/rails:9
  [1m[35m (2.5ms)[0m  [1m[35mCREATE TABLE "reservations" ("id" bigserial primary key, "user_id" integer, "flight_id" integer, "seat_number" integer, "created_at" timestamp NOT NULL, "updated_at" timestamp NOT NULL)[0m
  ↳ db/migrate/20220809090636_create_reservations.rb:3
  [1m[36mActiveRecord::SchemaMigration Create (0.2ms)[0m  [1m[32mINSERT INTO "schema_migrations" ("version") VALUES ($1) RETURNING "version"[0m  [["version", "20220809090636"]]
  ↳ bin/rails:9
  [1m[35m (0.6ms)[0m  [1m[35mCOMMIT[0m
  ↳ bin/rails:9
Migrating to CreateUsers (20220809090924)
  [1m[35m (0.1ms)[0m  [1m[35mBEGIN[0m
  ↳ bin/rails:9
  [1m[35m (3.5ms)[0m  [1m[35mCREATE TABLE "users" ("id" bigserial primary key, "email" text, "password_digest" character varying, "admin" boolean DEFAULT FALSE)[0m
  ↳ db/migrate/20220809090924_create_users.rb:3
  [1m[36mActiveRecord::SchemaMigration Create (0.2ms)[0m  [1m[32mINSERT INTO "schema_migrations" ("version") VALUES ($1) RETURNING "version"[0m  [["version", "20220809090924"]]
  ↳ bin/rails:9
  [1m[35m (0.8ms)[0m  [1m[35mCOMMIT[0m
  ↳ bin/rails:9
  [1m[36mActiveRecord::InternalMetadata Load (4.8ms)[0m  [1m[34mSELECT  "ar_internal_metadata".* FROM "ar_internal_metadata" WHERE "ar_internal_metadata"."key" = $1 LIMIT $2[0m  [["key", "environment"], ["LIMIT", 1]]
  ↳ bin/rails:9
  [1m[35m (0.1ms)[0m  [1m[35mBEGIN[0m
  ↳ bin/rails:9
  [1m[36mActiveRecord::InternalMetadata Create (0.3ms)[0m  [1m[32mINSERT INTO "ar_internal_metadata" ("key", "value", "created_at", "updated_at") VALUES ($1, $2, $3, $4) RETURNING "key"[0m  [["key", "environment"], ["value", "development"], ["created_at", "2022-08-09 09:11:54.215407"], ["updated_at", "2022-08-09 09:11:54.215407"]]
  ↳ bin/rails:9
  [1m[35m (0.5ms)[0m  [1m[35mCOMMIT[0m
  ↳ bin/rails:9
  [1m[35m (0.1ms)[0m  [1m[34mSELECT pg_advisory_unlock(5458218519270787095)[0m
  ↳ bin/rails:9
  [1m[35m (0.1ms)[0m  [1m[34mSELECT "schema_migrations"."version" FROM "schema_migrations" ORDER BY "schema_migrations"."version" ASC[0m
  ↳ bin/rails:9
  [1m[35m (0.5ms)[0m  [1m[34mSELECT "schema_migrations"."version" FROM "schema_migrations" ORDER BY "schema_migrations"."version" ASC[0m
  ↳ bin/rails:9
  [1m[36mAirplane Load (0.4ms)[0m  [1m[34mSELECT "airplanes".* FROM "airplanes"[0m
  ↳ db/seeds.rb:1
  [1m[35m (0.2ms)[0m  [1m[35mBEGIN[0m
  ↳ db/seeds.rb:2
  [1m[36mAirplane Create (0.5ms)[0m  [1m[32mINSERT INTO "airplanes" ("name", "rows", "columns", "created_at", "updated_at") VALUES ($1, $2, $3, $4, $5) RETURNING "id"[0m  [["name", "Piston Aircraft"], ["rows", "30"], ["columns", "6"], ["created_at", "2022-08-09 09:11:57.801509"], ["updated_at", "2022-08-09 09:11:57.801509"]]
  ↳ db/seeds.rb:2
  [1m[35m (13.1ms)[0m  [1m[35mCOMMIT[0m
  ↳ db/seeds.rb:2
  [1m[35m (0.1ms)[0m  [1m[35mBEGIN[0m
  ↳ db/seeds.rb:3
  [1m[36mAirplane Create (0.2ms)[0m  [1m[32mINSERT INTO "airplanes" ("name", "rows", "columns", "created_at", "updated_at") VALUES ($1, $2, $3, $4, $5) RETURNING "id"[0m  [["name", "Narrow Body Aircraft"], ["rows", "30"], ["columns", "6"], ["created_at", "2022-08-09 09:11:57.816415"], ["updated_at", "2022-08-09 09:11:57.816415"]]
  ↳ db/seeds.rb:3
  [1m[35m (0.5ms)[0m  [1m[35mCOMMIT[0m
  ↳ db/seeds.rb:3
  [1m[35m (0.1ms)[0m  [1m[35mBEGIN[0m
  ↳ db/seeds.rb:4
  [1m[36mAirplane Create (0.1ms)[0m  [1m[32mINSERT INTO "airplanes" ("name", "rows", "columns", "created_at", "updated_at") VALUES ($1, $2, $3, $4, $5) RETURNING "id"[0m  [["name", "Turboprop Aircraft"], ["rows", "30"], ["columns", "6"], ["created_at", "2022-08-09 09:11:57.818104"], ["updated_at", "2022-08-09 09:11:57.818104"]]
  ↳ db/seeds.rb:4
  [1m[35m (0.5ms)[0m  [1m[35mCOMMIT[0m
  ↳ db/seeds.rb:4
  [1m[35m (0.1ms)[0m  [1m[35mBEGIN[0m
  ↳ db/seeds.rb:5
  [1m[36mAirplane Create (0.2ms)[0m  [1m[32mINSERT INTO "airplanes" ("name", "rows", "columns", "created_at", "updated_at") VALUES ($1, $2, $3, $4, $5) RETURNING "id"[0m  [["name", "Malayasian Aircraft"], ["rows", "30"], ["columns", "6"], ["created_at", "2022-08-09 09:11:57.819619"], ["updated_at", "2022-08-09 09:11:57.819619"]]
  ↳ db/seeds.rb:5
  [1m[35m (0.5ms)[0m  [1m[35mCOMMIT[0m
  ↳ db/seeds.rb:5
  [1m[35m (0.1ms)[0m  [1m[35mBEGIN[0m
  ↳ db/seeds.rb:6
  [1m[36mAirplane Create (0.2ms)[0m  [1m[32mINSERT INTO "airplanes" ("name", "rows", "columns", "created_at", "updated_at") VALUES ($1, $2, $3, $4, $5) RETURNING "id"[0m  [["name", "Osama Was An Actor"], ["rows", "30"], ["columns", "6"], ["created_at", "2022-08-09 09:11:57.821065"], ["updated_at", "2022-08-09 09:11:57.821065"]]
  ↳ db/seeds.rb:6
  [1m[35m (0.5ms)[0m  [1m[35mCOMMIT[0m
  ↳ db/seeds.rb:6
  [1m[35m (0.3ms)[0m  [1m[34mSELECT COUNT(*) FROM "airplanes"[0m
  ↳ db/seeds.rb:7
  [1m[36mUser Load (0.5ms)[0m  [1m[34mSELECT "users".* FROM "users"[0m
  ↳ db/seeds.rb:9
  [1m[35m (0.2ms)[0m  [1m[35mBEGIN[0m
  ↳ db/seeds.rb:10
  [1m[36mUser Exists (0.3ms)[0m  [1m[34mSELECT  1 AS one FROM "users" WHERE "users"."email" = $1 LIMIT $2[0m  [["email", "EddieGrugrer@gmail.com"], ["LIMIT", 1]]
  ↳ db/seeds.rb:10
  [1m[36mUser Create (0.7ms)[0m  [1m[32mINSERT INTO "users" ("email", "password_digest", "admin") VALUES ($1, $2, $3) RETURNING "id"[0m  [["email", "EddieGrugrer@gmail.com"], ["password_digest", "$2a$12$G.9PRN9g55yybHsnDOaT1usR4bDPjq2.1Ls2ID4z6o4ZANGHJFS7W"], ["admin", true]]
  ↳ db/seeds.rb:10
  [1m[35m (4.4ms)[0m  [1m[35mCOMMIT[0m
  ↳ db/seeds.rb:10
  [1m[35m (0.3ms)[0m  [1m[35mBEGIN[0m
  ↳ db/seeds.rb:11
  [1m[36mUser Exists (0.4ms)[0m  [1m[34mSELECT  1 AS one FROM "users" WHERE "users"."email" = $1 LIMIT $2[0m  [["email", "GuillyWilly@gmail.com"], ["LIMIT", 1]]
  ↳ db/seeds.rb:11
  [1m[36mUser Create (0.3ms)[0m  [1m[32mINSERT INTO "users" ("email", "password_digest") VALUES ($1, $2) RETURNING "id"[0m  [["email", "GuillyWilly@gmail.com"], ["password_digest", "$2a$12$vw4B1qBG3gGLgGpKAOLteOu1u/fSjAdiSGFsQd8nBiptDEJyVA0s6"]]
  ↳ db/seeds.rb:11
  [1m[35m (4.3ms)[0m  [1m[35mCOMMIT[0m
  ↳ db/seeds.rb:11
  [1m[35m (0.2ms)[0m  [1m[35mBEGIN[0m
  ↳ db/seeds.rb:12
  [1m[36mUser Exists (0.3ms)[0m  [1m[34mSELECT  1 AS one FROM "users" WHERE "users"."email" = $1 LIMIT $2[0m  [["email", "CJ.Adlay@gmail.com"], ["LIMIT", 1]]
  ↳ db/seeds.rb:12
  [1m[36mUser Create (0.3ms)[0m  [1m[32mINSERT INTO "users" ("email", "password_digest") VALUES ($1, $2) RETURNING "id"[0m  [["email", "CJ.Adlay@gmail.com"], ["password_digest", "$2a$12$ruP27NyLCfMo.CWW6iI4kuoAvTvOoUKQRc7ZDEyiq.fmPgwGY1XPi"]]
  ↳ db/seeds.rb:12
  [1m[35m (4.2ms)[0m  [1m[35mCOMMIT[0m
  ↳ db/seeds.rb:12
  [1m[35m (0.2ms)[0m  [1m[35mBEGIN[0m
  ↳ db/seeds.rb:13
  [1m[36mUser Exists (0.4ms)[0m  [1m[34mSELECT  1 AS one FROM "users" WHERE "users"."email" = $1 LIMIT $2[0m  [["email", "TenzangMyBoo@gmail.com"], ["LIMIT", 1]]
  ↳ db/seeds.rb:13
  [1m[36mUser Create (0.4ms)[0m  [1m[32mINSERT INTO "users" ("email", "password_digest") VALUES ($1, $2) RETURNING "id"[0m  [["email", "TenzangMyBoo@gmail.com"], ["password_digest", "$2a$12$FSHEy61yIx7H7xozkFC0vuk3TC9sYdaFPnLd5ZSjrc0FrSaV6pfom"]]
  ↳ db/seeds.rb:13
  [1m[35m (13.2ms)[0m  [1m[35mCOMMIT[0m
  ↳ db/seeds.rb:13
  [1m[35m (0.3ms)[0m  [1m[35mBEGIN[0m
  ↳ db/seeds.rb:14
  [1m[36mUser Exists (0.4ms)[0m  [1m[34mSELECT  1 AS one FROM "users" WHERE "users"."email" = $1 LIMIT $2[0m  [["email", "JoeTurnsBull@gmail.com"], ["LIMIT", 1]]
  ↳ db/seeds.rb:14
  [1m[36mUser Create (0.3ms)[0m  [1m[32mINSERT INTO "users" ("email", "password_digest", "admin") VALUES ($1, $2, $3) RETURNING "id"[0m  [["email", "JoeTurnsBull@gmail.com"], ["password_digest", "$2a$12$Z1oICA1s4bz5xUhbNiAaFe38BA.111oK1sJD8T5bE2qb3VObXbWUO"], ["admin", true]]
  ↳ db/seeds.rb:14
  [1m[35m (4.9ms)[0m  [1m[35mCOMMIT[0m
  ↳ db/seeds.rb:14
  [1m[35m (0.5ms)[0m  [1m[34mSELECT COUNT(*) FROM "users"[0m
  ↳ db/seeds.rb:15
  [1m[36mFlight Load (1.4ms)[0m  [1m[34mSELECT "flights".* FROM "flights"[0m
  ↳ db/seeds.rb:17
  [1m[35m (0.2ms)[0m  [1m[35mBEGIN[0m
  ↳ db/seeds.rb:18
  [1m[36mFlight Create (0.5ms)[0m  [1m[32mINSERT INTO "flights" ("flight_number", "origin", "destination", "date", "created_at", "updated_at") VALUES ($1, $2, $3, $4, $5, $6) RETURNING "id"[0m  [["flight_number", "E267"], ["origin", "Australia"], ["destination", "South Sudan"], ["date", "2022-08-09"], ["created_at", "2022-08-09 09:11:59.073888"], ["updated_at", "2022-08-09 09:11:59.073888"]]
  ↳ db/seeds.rb:18
  [1m[35m (0.5ms)[0m  [1m[35mCOMMIT[0m
  ↳ db/seeds.rb:18
  [1m[35m (0.1ms)[0m  [1m[35mBEGIN[0m
  ↳ db/seeds.rb:19
  [1m[36mFlight Create (0.3ms)[0m  [1m[32mINSERT INTO "flights" ("flight_number", "origin", "destination", "date", "created_at", "updated_at") VALUES ($1, $2, $3, $4, $5, $6) RETURNING "id"[0m  [["flight_number", "C69"], ["origin", "Australia"], ["destination", "Brazil"], ["date", "2022-08-09"], ["created_at", "2022-08-09 09:11:59.076111"], ["updated_at", "2022-08-09 09:11:59.076111"]]
  ↳ db/seeds.rb:19
  [1m[35m (0.6ms)[0m  [1m[35mCOMMIT[0m
  ↳ db/seeds.rb:19
  [1m[35m (0.1ms)[0m  [1m[35mBEGIN[0m
  ↳ db/seeds.rb:20
  [1m[36mFlight Create (0.2ms)[0m  [1m[32mINSERT INTO "flights" ("flight_number", "origin", "destination", "date", "created_at", "updated_at") VALUES ($1, $2, $3, $4, $5, $6) RETURNING "id"[0m  [["flight_number", "T56"], ["origin", "Australia"], ["destination", "Germany"], ["date", "2022-08-09"], ["created_at", "2022-08-09 09:11:59.078734"], ["updated_at", "2022-08-09 09:11:59.078734"]]
  ↳ db/seeds.rb:20
  [1m[35m (0.6ms)[0m  [1m[35mCOMMIT[0m
  ↳ db/seeds.rb:20
  [1m[35m (0.0ms)[0m  [1m[35mBEGIN[0m
  ↳ db/seeds.rb:21
  [1m[36mFlight Create (0.2ms)[0m  [1m[32mINSERT INTO "flights" ("flight_number", "origin", "destination", "date", "created_at", "updated_at") VALUES ($1, $2, $3, $4, $5, $6) RETURNING "id"[0m  [["flight_number", "P74"], ["origin", "Syria"], ["destination", "United States of America"], ["date", "2022-08-09"], ["created_at", "2022-08-09 09:11:59.080733"], ["updated_at", "2022-08-09 09:11:59.080733"]]
  ↳ db/seeds.rb:21
  [1m[35m (0.5ms)[0m  [1m[35mCOMMIT[0m
  ↳ db/seeds.rb:21
  [1m[35m (0.0ms)[0m  [1m[35mBEGIN[0m
  ↳ db/seeds.rb:22
  [1m[36mFlight Create (0.1ms)[0m  [1m[32mINSERT INTO "flights" ("flight_number", "origin", "destination", "date", "created_at", "updated_at") VALUES ($1, $2, $3, $4, $5, $6) RETURNING "id"[0m  [["flight_number", "Q22"], ["origin", "Canada"], ["destination", "France"], ["date", "2022-08-09"], ["created_at", "2022-08-09 09:11:59.082414"], ["updated_at", "2022-08-09 09:11:59.082414"]]
  ↳ db/seeds.rb:22
  [1m[35m (0.5ms)[0m  [1m[35mCOMMIT[0m
  ↳ db/seeds.rb:22
  [1m[35m (0.1ms)[0m  [1m[34mSELECT COUNT(*) FROM "flights"[0m
  ↳ db/seeds.rb:23
Started GET "/flights.json" for 127.0.0.1 at 2022-08-09 19:12:14 +1000
  [1m[35m (0.6ms)[0m  [1m[34mSELECT "schema_migrations"."version" FROM "schema_migrations" ORDER BY "schema_migrations"."version" ASC[0m
  ↳ /usr/share/rvm/gems/ruby-2.7.6/gems/activerecord-5.2.8.1/lib/active_record/log_subscriber.rb:98
Processing by FlightsController#index as JSON
  Rendering flights/index.json.jbuilder
  [1m[36mFlight Load (0.3ms)[0m  [1m[34mSELECT "flights".* FROM "flights"[0m
  ↳ app/views/flights/index.json.jbuilder:1
  Rendered flights/_flight.json.jbuilder (0.7ms)
  Rendered flights/_flight.json.jbuilder (0.2ms)
  Rendered flights/_flight.json.jbuilder (0.2ms)
  Rendered flights/_flight.json.jbuilder (0.2ms)
  Rendered flights/_flight.json.jbuilder (0.3ms)
  Rendered flights/index.json.jbuilder (13.3ms)
Completed 200 OK in 27ms (Views: 18.6ms | ActiveRecord: 2.7ms)


